<?xml version="1.0" encoding="UTF-8"?>
<testsuite name="com.company.TransportCompanyTest" tests="1" skipped="0" failures="0" errors="0" timestamp="2021-02-01T16:52:04" hostname="DESKTOP-J6N21O9" time="0.015">
  <properties/>
  <testcase name="enoughIncome()" classname="com.company.TransportCompanyTest" time="0.015"/>
  <system-out><![CDATA[]]></system-out>
  <system-err><![CDATA[]]></system-err>
</testsuite>
